2021-11-20 19:06:41.039  INFO 2992 --- [restartedMain] p.SpringBootServicioPanaderiaApplication : Starting SpringBootServicioPanaderiaApplication using Java 11 on DESKTOP-96SBAJB with PID 2992 (E:\proyectos\back end\Proyecto-panaderia\springBoot-servicio-panaderia\target\classes started by Jimmy in E:\proyectos\back end\Proyecto-panaderia\springBoot-servicio-panaderia)
2021-11-20 19:06:41.052  INFO 2992 --- [restartedMain] p.SpringBootServicioPanaderiaApplication : No active profile set, falling back to default profiles: default
2021-11-20 19:06:41.138  INFO 2992 --- [restartedMain] .e.DevToolsPropertyDefaultsPostProcessor : Devtools property defaults active! Set 'spring.devtools.add-properties' to 'false' to disable
2021-11-20 19:06:41.139  INFO 2992 --- [restartedMain] .e.DevToolsPropertyDefaultsPostProcessor : For additional web related logging consider setting the 'logging.level.web' property to 'DEBUG'
2021-11-20 19:06:42.060  INFO 2992 --- [restartedMain] .s.d.r.c.RepositoryConfigurationDelegate : Bootstrapping Spring Data JPA repositories in DEFAULT mode.
2021-11-20 19:06:42.137  INFO 2992 --- [restartedMain] .s.d.r.c.RepositoryConfigurationDelegate : Finished Spring Data repository scanning in 68 ms. Found 3 JPA repository interfaces.
2021-11-20 19:06:42.828  INFO 2992 --- [restartedMain] o.s.b.w.embedded.tomcat.TomcatWebServer  : Tomcat initialized with port(s): 9000 (http)
2021-11-20 19:06:42.838  INFO 2992 --- [restartedMain] o.apache.catalina.core.StandardService   : Starting service [Tomcat]
2021-11-20 19:06:42.839  INFO 2992 --- [restartedMain] org.apache.catalina.core.StandardEngine  : Starting Servlet engine: [Apache Tomcat/9.0.43]
2021-11-20 19:06:42.951  INFO 2992 --- [restartedMain] o.a.c.c.C.[Tomcat].[localhost].[/]       : Initializing Spring embedded WebApplicationContext
2021-11-20 19:06:42.952  INFO 2992 --- [restartedMain] w.s.c.ServletWebServerApplicationContext : Root WebApplicationContext: initialization completed in 1811 ms
2021-11-20 19:06:42.998  INFO 2992 --- [restartedMain] com.zaxxer.hikari.HikariDataSource       : HikariPool-1 - Starting...
2021-11-20 19:06:43.128  INFO 2992 --- [restartedMain] com.zaxxer.hikari.HikariDataSource       : HikariPool-1 - Start completed.
2021-11-20 19:06:43.135  INFO 2992 --- [restartedMain] o.s.b.a.h2.H2ConsoleAutoConfiguration    : H2 console available at '/h2-console'. Database available at 'jdbc:h2:mem:988de954-8430-4193-b8ea-3d30e99b73e2'
2021-11-20 19:06:43.307  INFO 2992 --- [restartedMain] o.hibernate.jpa.internal.util.LogHelper  : HHH000204: Processing PersistenceUnitInfo [name: default]
2021-11-20 19:06:43.360  INFO 2992 --- [restartedMain] org.hibernate.Version                    : HHH000412: Hibernate ORM core version 5.4.28.Final
2021-11-20 19:06:43.471  INFO 2992 --- [restartedMain] o.hibernate.annotations.common.Version   : HCANN000001: Hibernate Commons Annotations {5.1.2.Final}
2021-11-20 19:06:43.570  INFO 2992 --- [restartedMain] org.hibernate.dialect.Dialect            : HHH000400: Using dialect: org.hibernate.dialect.H2Dialect
2021-11-20 19:06:44.328  INFO 2992 --- [restartedMain] o.h.t.schema.internal.SchemaCreatorImpl  : HHH000476: Executing import script 'file:/E:/proyectos/back%20end/Proyecto-panaderia/springBoot-servicio-panaderia/target/classes/import.sql'
2021-11-20 19:06:44.367  INFO 2992 --- [restartedMain] o.h.e.t.j.p.i.JtaPlatformInitiator       : HHH000490: Using JtaPlatform implementation: [org.hibernate.engine.transaction.jta.platform.internal.NoJtaPlatform]
2021-11-20 19:06:44.382  INFO 2992 --- [restartedMain] j.LocalContainerEntityManagerFactoryBean : Initialized JPA EntityManagerFactory for persistence unit 'default'
2021-11-20 19:06:44.421  INFO 2992 --- [restartedMain] o.s.b.d.a.OptionalLiveReloadServer       : LiveReload server is running on port 35729
2021-11-20 19:06:44.784  WARN 2992 --- [restartedMain] JpaBaseConfiguration$JpaWebConfiguration : spring.jpa.open-in-view is enabled by default. Therefore, database queries may be performed during view rendering. Explicitly configure spring.jpa.open-in-view to disable this warning
2021-11-20 19:06:44.937  INFO 2992 --- [restartedMain] o.s.s.concurrent.ThreadPoolTaskExecutor  : Initializing ExecutorService 'applicationTaskExecutor'
2021-11-20 19:06:45.185  INFO 2992 --- [restartedMain] o.s.b.w.embedded.tomcat.TomcatWebServer  : Tomcat started on port(s): 9000 (http) with context path ''
2021-11-20 19:06:45.200  INFO 2992 --- [restartedMain] p.SpringBootServicioPanaderiaApplication : Started SpringBootServicioPanaderiaApplication in 4.939 seconds (JVM running for 7.021)
2021-11-20 19:07:11.861  INFO 2992 --- [http-nio-9000-exec-1] o.a.c.c.C.[Tomcat].[localhost].[/]       : Initializing Spring DispatcherServlet 'dispatcherServlet'
2021-11-20 19:07:11.862  INFO 2992 --- [http-nio-9000-exec-1] o.s.web.servlet.DispatcherServlet        : Initializing Servlet 'dispatcherServlet'
2021-11-20 19:07:11.865  INFO 2992 --- [http-nio-9000-exec-1] o.s.web.servlet.DispatcherServlet        : Completed initialization in 2 ms
2021-11-20 19:07:11.967  INFO 2992 --- [http-nio-9000-exec-1] c.m.a.p.contrioller.ClienteController    : Se dio de alta cliente : ClienteCrearDto(id=0, nombre=pepe5)
2021-11-20 19:07:42.072  INFO 2992 --- [http-nio-9000-exec-3] c.m.a.p.contrioller.ClienteController    : Listado de clientes. 
2021-11-20 19:07:42.232  INFO 2992 --- [http-nio-9000-exec-3] c.m.a.p.contrioller.ClienteController    : ClienteDto(id=1, nombre=pepe)
2021-11-20 19:07:42.232  INFO 2992 --- [http-nio-9000-exec-3] c.m.a.p.contrioller.ClienteController    : ClienteDto(id=2, nombre=juan)
2021-11-20 19:07:42.233  INFO 2992 --- [http-nio-9000-exec-3] c.m.a.p.contrioller.ClienteController    : ClienteDto(id=3, nombre=pepito)
2021-11-20 19:07:42.233  INFO 2992 --- [http-nio-9000-exec-3] c.m.a.p.contrioller.ClienteController    : ClienteDto(id=4, nombre=pepe5)
